<?xml version="1.0" encoding="UTF-8" ?>
<testsuite failures="0" time="3.429" errors="0" skipped="0" tests="2" name="slib.sgli.test.algo.graph.reduction.dag.Test_GraphReduction_Transitive">
  <properties>
[...]
</properties>
  <testcase time="0.009" classname="slib.sgli.test.algo.graph.reduction.dag.Test_GraphReduction_Transitive" name="transitiveReductionToyGraph"/>
  <testcase time="3.412" classname="slib.sgli.test.algo.graph.reduction.dag.Test_GraphReduction_Transitive" name="transitiveReductionGO"/>
</testsuite>